{"uuid":"554ff4a6-9af8-4270-a4d7-944fdb7952d1","historyId":"a38975dcba516e7901dcd21382fbf690","fullName":"Shopping Cart: to verify that items are added to cart section","labels":[{"name":"host","value":"INLEN8520032163"},{"name":"thread","value":"2204@INLEN8520032163.main(1)"},{"name":"feature","value":"Shopping Cart"},{"name":"story","value":"to verify that items are added to cart section"},{"name":"suite","value":"Shopping Cart"},{"name":"testClass","value":"to verify that items are added to cart section"},{"name":"framework","value":"cucumber4jvm"},{"name":"language","value":"java"},{"name":"gherkin_uri","value":"file:///C:/Users/PRANACHO/Desktop/refined%20code/Ecommerce_DEMO_pranav/src/test/java/feature/2addToCart.feature"},{"name":"package","value":"src.test.java.feature.2addToCart_feature.Shopping Cart"}],"links":[],"name":"to verify that items are added to cart section","status":"failed","statusDetails":{"known":false,"muted":false,"flaky":false,"message":"expected:<0> but was:<1>","trace":"java.lang.AssertionError: expected:<0> but was:<1>\r\n\tat org.junit.Assert.fail(Assert.java:89)\r\n\tat org.junit.Assert.failNotEquals(Assert.java:835)\r\n\tat org.junit.Assert.assertEquals(Assert.java:647)\r\n\tat org.junit.Assert.assertEquals(Assert.java:633)\r\n\tat testCase.addTocartStepDef.valadating_items_number(addTocartStepDef.java:90)\r\n\tat ✽.Valadating items number(file:///C:/Users/PRANACHO/Desktop/refined%20code/Ecommerce_DEMO_pranav/src/test/java/feature/2addToCart.feature:9)\r\n"},"stage":"finished","steps":[{"name":"Given  user is at landing page","status":"passed","statusDetails":{"known":false,"muted":false,"flaky":false},"stage":"finished","steps":[],"attachments":[],"parameters":[],"start":1676916584907,"stop":1676916591185},{"name":"And  user proceed to Login link","status":"passed","statusDetails":{"known":false,"muted":false,"flaky":false},"stage":"finished","steps":[],"attachments":[],"parameters":[],"start":1676916591186,"stop":1676916592589},{"name":"When  User Search for Product","status":"passed","statusDetails":{"known":false,"muted":false,"flaky":false},"stage":"finished","steps":[],"attachments":[],"parameters":[],"start":1676916592591,"stop":1676916594846},{"name":"And  User adds items to the cart","status":"passed","statusDetails":{"known":false,"muted":false,"flaky":false},"stage":"finished","steps":[],"attachments":[],"parameters":[],"start":1676916594847,"stop":1676916600353},{"name":"And  user clicks on Shopping cart","status":"passed","statusDetails":{"known":false,"muted":false,"flaky":false},"stage":"finished","steps":[],"attachments":[],"parameters":[],"start":1676916600360,"stop":1676916602495},{"name":"Then  Valadating items number","status":"failed","statusDetails":{"known":false,"muted":false,"flaky":false,"message":"expected:<0> but was:<1>","trace":"java.lang.AssertionError: expected:<0> but was:<1>\r\n\tat org.junit.Assert.fail(Assert.java:89)\r\n\tat org.junit.Assert.failNotEquals(Assert.java:835)\r\n\tat org.junit.Assert.assertEquals(Assert.java:647)\r\n\tat org.junit.Assert.assertEquals(Assert.java:633)\r\n\tat testCase.addTocartStepDef.valadating_items_number(addTocartStepDef.java:90)\r\n\tat ✽.Valadating items number(file:///C:/Users/PRANACHO/Desktop/refined%20code/Ecommerce_DEMO_pranav/src/test/java/feature/2addToCart.feature:9)\r\n"},"stage":"finished","steps":[],"attachments":[],"parameters":[],"start":1676916602496,"stop":1676916602587}],"attachments":[],"parameters":[],"start":1676916582478,"stop":1676916602919}