{"uuid":"5ebc9b4e-29c2-45cf-b52d-6ad290cee6b3","historyId":"a38975dcba516e7901dcd21382fbf690","fullName":"Shopping Cart: to verify that items are added to cart section","labels":[{"name":"host","value":"INLEN8520032163"},{"name":"thread","value":"19652@INLEN8520032163.main(1)"},{"name":"feature","value":"Shopping Cart"},{"name":"story","value":"to verify that items are added to cart section"},{"name":"suite","value":"Shopping Cart"},{"name":"testClass","value":"to verify that items are added to cart section"},{"name":"framework","value":"cucumber4jvm"},{"name":"language","value":"java"},{"name":"gherkin_uri","value":"file:///C:/Users/PRANACHO/Desktop/refined%20code/Ecommerce_DEMO_pranav/src/test/java/feature/2addToCart.feature"},{"name":"package","value":"src.test.java.feature.2addToCart_feature.Shopping Cart"}],"links":[],"name":"to verify that items are added to cart section","status":"failed","statusDetails":{"known":false,"muted":false,"flaky":false,"message":"expected:<0> but was:<1>","trace":"java.lang.AssertionError: expected:<0> but was:<1>\r\n\tat org.junit.Assert.fail(Assert.java:89)\r\n\tat org.junit.Assert.failNotEquals(Assert.java:835)\r\n\tat org.junit.Assert.assertEquals(Assert.java:647)\r\n\tat org.junit.Assert.assertEquals(Assert.java:633)\r\n\tat testCase.addTocartStepDef.valadating_items_number(addTocartStepDef.java:90)\r\n\tat ✽.Valadating items number(file:///C:/Users/PRANACHO/Desktop/refined%20code/Ecommerce_DEMO_pranav/src/test/java/feature/2addToCart.feature:9)\r\n"},"stage":"finished","steps":[{"name":"Given  user is at landing page","status":"passed","statusDetails":{"known":false,"muted":false,"flaky":false},"stage":"finished","steps":[],"attachments":[],"parameters":[],"start":1676913180579,"stop":1676913186456},{"name":"And  user proceed to Login link","status":"passed","statusDetails":{"known":false,"muted":false,"flaky":false},"stage":"finished","steps":[],"attachments":[],"parameters":[],"start":1676913186456,"stop":1676913188011},{"name":"When  User Search for Product","status":"passed","statusDetails":{"known":false,"muted":false,"flaky":false},"stage":"finished","steps":[],"attachments":[],"parameters":[],"start":1676913188014,"stop":1676913190486},{"name":"And  User adds items to the cart","status":"passed","statusDetails":{"known":false,"muted":false,"flaky":false},"stage":"finished","steps":[],"attachments":[],"parameters":[],"start":1676913190487,"stop":1676913196060},{"name":"And  user clicks on Shopping cart","status":"passed","statusDetails":{"known":false,"muted":false,"flaky":false},"stage":"finished","steps":[],"attachments":[],"parameters":[],"start":1676913196066,"stop":1676913198169},{"name":"Then  Valadating items number","status":"failed","statusDetails":{"known":false,"muted":false,"flaky":false,"message":"expected:<0> but was:<1>","trace":"java.lang.AssertionError: expected:<0> but was:<1>\r\n\tat org.junit.Assert.fail(Assert.java:89)\r\n\tat org.junit.Assert.failNotEquals(Assert.java:835)\r\n\tat org.junit.Assert.assertEquals(Assert.java:647)\r\n\tat org.junit.Assert.assertEquals(Assert.java:633)\r\n\tat testCase.addTocartStepDef.valadating_items_number(addTocartStepDef.java:90)\r\n\tat ✽.Valadating items number(file:///C:/Users/PRANACHO/Desktop/refined%20code/Ecommerce_DEMO_pranav/src/test/java/feature/2addToCart.feature:9)\r\n"},"stage":"finished","steps":[],"attachments":[],"parameters":[],"start":1676913198169,"stop":1676913198234}],"attachments":[],"parameters":[],"start":1676913177904,"stop":1676913198664}