{"uuid":"e3250d5e-7647-4e1a-9f12-aa0a7a01c106","historyId":"d795071d39be62457ab168b6d111a759","fullName":"Search Functionality: Search Function gives Proper result","labels":[{"name":"tag","value":"smoke"},{"name":"host","value":"INLEN8520032163"},{"name":"thread","value":"10908@INLEN8520032163.main(1)"},{"name":"feature","value":"Search Functionality"},{"name":"story","value":"Search Function gives Proper result"},{"name":"suite","value":"Search Functionality"},{"name":"testClass","value":"Search Function gives Proper result"},{"name":"framework","value":"cucumber4jvm"},{"name":"language","value":"java"},{"name":"gherkin_uri","value":"file:///C:/Users/PRANACHO/Desktop/refined%20code/Ecommerce_DEMO_pranav/src/test/java/feature/SearchProduct.feature"},{"name":"package","value":"src.test.java.feature.SearchProduct_feature.Search Functionality"}],"links":[],"name":"Search Function gives Proper result","status":"broken","statusDetails":{"known":false,"muted":false,"flaky":false,"message":"no such window: target window already closed\nfrom unknown error: web view not found\n  (Session info: chrome=110.0.5481.104)\nBuild info: version: '4.6.0', revision: '79f1c02ae20'\nSystem info: os.name: 'Windows 11', os.arch: 'amd64', os.version: '10.0', java.version: '19.0.1'\nDriver info: org.openqa.selenium.chrome.ChromeDriver\nCommand: [9f172d56566690b71c0a13fe41fbff3d, findElement {using=xpath, value=//header/div[1]/div[1]/ul[1]/li[2]/a[1]}]\nCapabilities {acceptInsecureCerts: false, browserName: chrome, browserVersion: 110.0.5481.104, chrome: {chromedriverVersion: 110.0.5481.77 (65ed616c6e8e..., userDataDir: C:\\Program Files (x86)\\scop...}, goog:chromeOptions: {debuggerAddress: localhost:60425}, networkConnectionEnabled: false, pageLoadStrategy: normal, platformName: WINDOWS, proxy: Proxy(), se:cdp: ws://localhost:60425/devtoo..., se:cdpVersion: 110.0.5481.104, setWindowRect: true, strictFileInteractability: false, timeouts: {implicit: 0, pageLoad: 300000, script: 30000}, unhandledPromptBehavior: dismiss and notify, webauthn:extension:credBlob: true, webauthn:extension:largeBlob: true, webauthn:virtualAuthenticators: true}\nSession ID: 9f172d56566690b71c0a13fe41fbff3d","trace":"org.openqa.selenium.NoSuchWindowException: no such window: target window already closed\nfrom unknown error: web view not found\n  (Session info: chrome=110.0.5481.104)\nBuild info: version: '4.6.0', revision: '79f1c02ae20'\nSystem info: os.name: 'Windows 11', os.arch: 'amd64', os.version: '10.0', java.version: '19.0.1'\nDriver info: org.openqa.selenium.chrome.ChromeDriver\nCommand: [9f172d56566690b71c0a13fe41fbff3d, findElement {using=xpath, value=//header/div[1]/div[1]/ul[1]/li[2]/a[1]}]\nCapabilities {acceptInsecureCerts: false, browserName: chrome, browserVersion: 110.0.5481.104, chrome: {chromedriverVersion: 110.0.5481.77 (65ed616c6e8e..., userDataDir: C:\\Program Files (x86)\\scop...}, goog:chromeOptions: {debuggerAddress: localhost:60425}, networkConnectionEnabled: false, pageLoadStrategy: normal, platformName: WINDOWS, proxy: Proxy(), se:cdp: ws://localhost:60425/devtoo..., se:cdpVersion: 110.0.5481.104, setWindowRect: true, strictFileInteractability: false, timeouts: {implicit: 0, pageLoad: 300000, script: 30000}, unhandledPromptBehavior: dismiss and notify, webauthn:extension:credBlob: true, webauthn:extension:largeBlob: true, webauthn:virtualAuthenticators: true}\nSession ID: 9f172d56566690b71c0a13fe41fbff3d\r\n\tat java.base/jdk.internal.reflect.DirectConstructorHandleAccessor.newInstance(DirectConstructorHandleAccessor.java:67)\r\n\tat java.base/java.lang.reflect.Constructor.newInstanceWithCaller(Constructor.java:500)\r\n\tat java.base/java.lang.reflect.Constructor.newInstance(Constructor.java:484)\r\n\tat org.openqa.selenium.remote.codec.w3c.W3CHttpResponseCodec.createException(W3CHttpResponseCodec.java:200)\r\n\tat org.openqa.selenium.remote.codec.w3c.W3CHttpResponseCodec.decode(W3CHttpResponseCodec.java:133)\r\n\tat org.openqa.selenium.remote.codec.w3c.W3CHttpResponseCodec.decode(W3CHttpResponseCodec.java:53)\r\n\tat org.openqa.selenium.remote.HttpCommandExecutor.execute(HttpCommandExecutor.java:184)\r\n\tat org.openqa.selenium.remote.service.DriverCommandExecutor.invokeExecute(DriverCommandExecutor.java:167)\r\n\tat org.openqa.selenium.remote.service.DriverCommandExecutor.execute(DriverCommandExecutor.java:142)\r\n\tat org.openqa.selenium.remote.RemoteWebDriver.execute(RemoteWebDriver.java:541)\r\n\tat org.openqa.selenium.remote.ElementLocation$ElementFinder$2.findElement(ElementLocation.java:162)\r\n\tat org.openqa.selenium.remote.ElementLocation.findElement(ElementLocation.java:60)\r\n\tat org.openqa.selenium.remote.RemoteWebDriver.findElement(RemoteWebDriver.java:365)\r\n\tat org.openqa.selenium.remote.RemoteWebDriver.findElement(RemoteWebDriver.java:357)\r\n\tat org.openqa.selenium.support.pagefactory.DefaultElementLocator.findElement(DefaultElementLocator.java:70)\r\n\tat org.openqa.selenium.support.pagefactory.internal.LocatingElementHandler.invoke(LocatingElementHandler.java:39)\r\n\tat jdk.proxy2/jdk.proxy2.$Proxy25.click(Unknown Source)\r\n\tat pageObject.HomePage.ClickOnSiginInLink(HomePage.java:22)\r\n\tat testCase.SearchFunctionStepDef.userLoginIntoWebsiteAnd(SearchFunctionStepDef.java:43)\r\n\tat ✽.user  login into website \"Credential\"and \"user2\"(file:///C:/Users/PRANACHO/Desktop/refined%20code/Ecommerce_DEMO_pranav/src/test/java/feature/SearchProduct.feature:5)\r\n"},"stage":"finished","steps":[{"name":"Given  user at  landing page","status":"passed","statusDetails":{"known":false,"muted":false,"flaky":false},"stage":"finished","steps":[],"attachments":[],"parameters":[],"start":1676912557205,"stop":1676912560961},{"name":"Then  user  login into website \"Credential\"and \"user2\"","status":"broken","statusDetails":{"known":false,"muted":false,"flaky":false,"message":"no such window: target window already closed\nfrom unknown error: web view not found\n  (Session info: chrome=110.0.5481.104)\nBuild info: version: '4.6.0', revision: '79f1c02ae20'\nSystem info: os.name: 'Windows 11', os.arch: 'amd64', os.version: '10.0', java.version: '19.0.1'\nDriver info: org.openqa.selenium.chrome.ChromeDriver\nCommand: [9f172d56566690b71c0a13fe41fbff3d, findElement {using=xpath, value=//header/div[1]/div[1]/ul[1]/li[2]/a[1]}]\nCapabilities {acceptInsecureCerts: false, browserName: chrome, browserVersion: 110.0.5481.104, chrome: {chromedriverVersion: 110.0.5481.77 (65ed616c6e8e..., userDataDir: C:\\Program Files (x86)\\scop...}, goog:chromeOptions: {debuggerAddress: localhost:60425}, networkConnectionEnabled: false, pageLoadStrategy: normal, platformName: WINDOWS, proxy: Proxy(), se:cdp: ws://localhost:60425/devtoo..., se:cdpVersion: 110.0.5481.104, setWindowRect: true, strictFileInteractability: false, timeouts: {implicit: 0, pageLoad: 300000, script: 30000}, unhandledPromptBehavior: dismiss and notify, webauthn:extension:credBlob: true, webauthn:extension:largeBlob: true, webauthn:virtualAuthenticators: true}\nSession ID: 9f172d56566690b71c0a13fe41fbff3d","trace":"org.openqa.selenium.NoSuchWindowException: no such window: target window already closed\nfrom unknown error: web view not found\n  (Session info: chrome=110.0.5481.104)\nBuild info: version: '4.6.0', revision: '79f1c02ae20'\nSystem info: os.name: 'Windows 11', os.arch: 'amd64', os.version: '10.0', java.version: '19.0.1'\nDriver info: org.openqa.selenium.chrome.ChromeDriver\nCommand: [9f172d56566690b71c0a13fe41fbff3d, findElement {using=xpath, value=//header/div[1]/div[1]/ul[1]/li[2]/a[1]}]\nCapabilities {acceptInsecureCerts: false, browserName: chrome, browserVersion: 110.0.5481.104, chrome: {chromedriverVersion: 110.0.5481.77 (65ed616c6e8e..., userDataDir: C:\\Program Files (x86)\\scop...}, goog:chromeOptions: {debuggerAddress: localhost:60425}, networkConnectionEnabled: false, pageLoadStrategy: normal, platformName: WINDOWS, proxy: Proxy(), se:cdp: ws://localhost:60425/devtoo..., se:cdpVersion: 110.0.5481.104, setWindowRect: true, strictFileInteractability: false, timeouts: {implicit: 0, pageLoad: 300000, script: 30000}, unhandledPromptBehavior: dismiss and notify, webauthn:extension:credBlob: true, webauthn:extension:largeBlob: true, webauthn:virtualAuthenticators: true}\nSession ID: 9f172d56566690b71c0a13fe41fbff3d\r\n\tat java.base/jdk.internal.reflect.DirectConstructorHandleAccessor.newInstance(DirectConstructorHandleAccessor.java:67)\r\n\tat java.base/java.lang.reflect.Constructor.newInstanceWithCaller(Constructor.java:500)\r\n\tat java.base/java.lang.reflect.Constructor.newInstance(Constructor.java:484)\r\n\tat org.openqa.selenium.remote.codec.w3c.W3CHttpResponseCodec.createException(W3CHttpResponseCodec.java:200)\r\n\tat org.openqa.selenium.remote.codec.w3c.W3CHttpResponseCodec.decode(W3CHttpResponseCodec.java:133)\r\n\tat org.openqa.selenium.remote.codec.w3c.W3CHttpResponseCodec.decode(W3CHttpResponseCodec.java:53)\r\n\tat org.openqa.selenium.remote.HttpCommandExecutor.execute(HttpCommandExecutor.java:184)\r\n\tat org.openqa.selenium.remote.service.DriverCommandExecutor.invokeExecute(DriverCommandExecutor.java:167)\r\n\tat org.openqa.selenium.remote.service.DriverCommandExecutor.execute(DriverCommandExecutor.java:142)\r\n\tat org.openqa.selenium.remote.RemoteWebDriver.execute(RemoteWebDriver.java:541)\r\n\tat org.openqa.selenium.remote.ElementLocation$ElementFinder$2.findElement(ElementLocation.java:162)\r\n\tat org.openqa.selenium.remote.ElementLocation.findElement(ElementLocation.java:60)\r\n\tat org.openqa.selenium.remote.RemoteWebDriver.findElement(RemoteWebDriver.java:365)\r\n\tat org.openqa.selenium.remote.RemoteWebDriver.findElement(RemoteWebDriver.java:357)\r\n\tat org.openqa.selenium.support.pagefactory.DefaultElementLocator.findElement(DefaultElementLocator.java:70)\r\n\tat org.openqa.selenium.support.pagefactory.internal.LocatingElementHandler.invoke(LocatingElementHandler.java:39)\r\n\tat jdk.proxy2/jdk.proxy2.$Proxy25.click(Unknown Source)\r\n\tat pageObject.HomePage.ClickOnSiginInLink(HomePage.java:22)\r\n\tat testCase.SearchFunctionStepDef.userLoginIntoWebsiteAnd(SearchFunctionStepDef.java:43)\r\n\tat ✽.user  login into website \"Credential\"and \"user2\"(file:///C:/Users/PRANACHO/Desktop/refined%20code/Ecommerce_DEMO_pranav/src/test/java/feature/SearchProduct.feature:5)\r\n"},"stage":"finished","steps":[],"attachments":[],"parameters":[],"start":1676912560961,"stop":1676912561408},{"name":"When  user searches for particular product","status":"skipped","statusDetails":{"known":false,"muted":false,"flaky":false},"stage":"finished","steps":[],"attachments":[],"parameters":[],"start":1676912561414,"stop":1676912561419},{"name":"Then  Results shown are matches with the  product page and product searched","status":"skipped","statusDetails":{"known":false,"muted":false,"flaky":false},"stage":"finished","steps":[],"attachments":[],"parameters":[],"start":1676912561423,"stop":1676912561424}],"attachments":[],"parameters":[{"name":"fileName","value":"Credential"},{"name":"key","value":"user2"}],"start":1676912554170,"stop":1676912561782}