<?xml version="1.0" encoding="UTF-8"?>
<testsuite xmlns:xsi="http://www.w3.org/2001/XMLSchema-instance" xsi:noNamespaceSchemaLocation="https://maven.apache.org/surefire/maven-surefire-plugin/xsd/surefire-test-report-3.0.xsd" version="3.0" name="testRunner.TestRunner" time="60.139" tests="3" errors="0" skipped="0" failures="0">
  <properties>
[...]
</properties>
  <testcase name="Login experience with vaild credential" classname="Testing  Login functionality" time="17.485">
    <system-out><![CDATA[
Scenario Outline: Login experience with vaild credential &amp#27;[90m# src/test/java/feature/1login.feature:9&amp#27;[0m
  &amp#27;[32mGiven &amp#27;[0m&amp#27;[32muser is on landing page&amp#27;[0m                          &amp#27;[90m# testCase.LoginStepdefs.userIsOnLandingPage()&amp#27;[0m
  &amp#27;[32mAnd &amp#27;[0m&amp#27;[32muser proceeds to Login link&amp#27;[0m                        &amp#27;[90m# testCase.LoginStepdefs.userProceedsToLoginLink()&amp#27;[0m
  &amp#27;[32mWhen &amp#27;[0m&amp#27;[32muser provides &amp#27;[0m&amp#27;[32m&amp#27;[1m"Credential"&amp#27;[0m&amp#27;[32m and &amp#27;[0m&amp#27;[32m&amp#27;[1m"user1"&amp#27;[0m            &amp#27;[90m# testCase.LoginStepdefs.userProvidesAnd(java.lang.String,java.lang.String)&amp#27;[0m
  &amp#27;[32mThen &amp#27;[0m&amp#27;[32muser is on HomePage&amp#27;[0m                               &amp#27;[90m# testCase.LoginStepdefs.userIsOnHomePage()&amp#27;[0m
]]></system-out>
    <system-err><![CDATA[SLF4J: No SLF4J providers were found.
SLF4J: Defaulting to no-operation (NOP) logger implementation
SLF4J: See https://www.slf4j.org/codes.html#noProviders for further details.
ERROR StatusLogger Log4j2 could not find a logging implementation. Please add log4j-core to the classpath. Using SimpleLogger to log to the console...
Starting ChromeDriver 110.0.5481.77 (65ed616c6e8ee3fe0ad64fe83796c020644d42af-refs/branch-heads/5481@{#839}) on port 17211
Only local connections are allowed.
Please see https://chromedriver.chromium.org/security-considerations for suggestions on keeping ChromeDriver safe.
ChromeDriver was started successfully.
[1676804991.234][WARNING]: virtual void DevToolsClientImpl::AddListener(DevToolsEventListener *) subscribing a listener to the already connected DevToolsClient. Connection notification will not arrive.
Feb 19, 2023 4:39:51 PM org.openqa.selenium.devtools.CdpVersionFinder findNearestMatch
WARNING: Unable to find an exact match for CDP version 110, so returning the closest version found: 107
]]></system-err>
  </testcase>
  <testcase name="to verify that items are added to cart section" classname="Shopping Cart" time="18.684">
    <system-out><![CDATA[
Scenario: to verify that items are added to cart section &amp#27;[90m# src/test/java/feature/2addToCart.feature:3&amp#27;[0m
  &amp#27;[32mGiven &amp#27;[0m&amp#27;[32muser is at landing page&amp#27;[0m                          &amp#27;[90m# testCase.addTocartStepDef.user_is_at_landing_page()&amp#27;[0m
  &amp#27;[32mAnd &amp#27;[0m&amp#27;[32muser proceed to Login link&amp#27;[0m                         &amp#27;[90m# testCase.addTocartStepDef.user_proceed_to_login_link()&amp#27;[0m
  &amp#27;[32mWhen &amp#27;[0m&amp#27;[32mUser Search for Product&amp#27;[0m                           &amp#27;[90m# testCase.addTocartStepDef.user_search_for_product()&amp#27;[0m
  &amp#27;[32mAnd &amp#27;[0m&amp#27;[32mUser adds items to the cart&amp#27;[0m                        &amp#27;[90m# testCase.addTocartStepDef.user_adds_items_to_the_cart()&amp#27;[0m
  &amp#27;[32mAnd &amp#27;[0m&amp#27;[32muser clicks on Shopping cart&amp#27;[0m                       &amp#27;[90m# testCase.addTocartStepDef.user_clicks_on_shopping_cart()&amp#27;[0m
TC_03 passed
Number of item added:2
  &amp#27;[32mThen &amp#27;[0m&amp#27;[32mValadating items number&amp#27;[0m                           &amp#27;[90m# testCase.addTocartStepDef.valadating_items_number()&amp#27;[0m
]]></system-out>
    <system-err><![CDATA[Starting ChromeDriver 110.0.5481.77 (65ed616c6e8ee3fe0ad64fe83796c020644d42af-refs/branch-heads/5481@{#839}) on port 33015
Only local connections are allowed.
Please see https://chromedriver.chromium.org/security-considerations for suggestions on keeping ChromeDriver safe.
ChromeDriver was started successfully.
[1676805005.723][WARNING]: virtual void DevToolsClientImpl::AddListener(DevToolsEventListener *) subscribing a listener to the already connected DevToolsClient. Connection notification will not arrive.
Feb 19, 2023 4:40:06 PM org.openqa.selenium.devtools.CdpVersionFinder findNearestMatch
WARNING: Unable to find an exact match for CDP version 110, so returning the closest version found: 107
]]></system-err>
  </testcase>
  <testcase name="to verify the total price of the cart" classname="Shopping Cart" time="23.651">
    <system-out><![CDATA[
Scenario: to verify the total price of the cart &amp#27;[90m# src/test/java/feature/2addToCart.feature:12&amp#27;[0m
  &amp#27;[32mGiven &amp#27;[0m&amp#27;[32muser at  landing page&amp#27;[0m                   &amp#27;[90m# testCase.totalPriceOfCart.user_at_landing_page()&amp#27;[0m
  &amp#27;[32mWhen &amp#27;[0m&amp#27;[32muser search for product&amp#27;[0m                  &amp#27;[90m# testCase.totalPriceOfCart.user_search_for_product()&amp#27;[0m
57.0
  &amp#27;[32mAnd &amp#27;[0m&amp#27;[32mUser add items to the cart&amp#27;[0m                &amp#27;[90m# testCase.totalPriceOfCart.user_add_items_to_the_cart()&amp#27;[0m
  &amp#27;[32mAnd &amp#27;[0m&amp#27;[32muser click on Shopping cart&amp#27;[0m               &amp#27;[90m# testCase.totalPriceOfCart.user_click_on_shopping_cart()&amp#27;[0m
  &amp#27;[32mThen &amp#27;[0m&amp#27;[32muser validates the price and quantity&amp#27;[0m    &amp#27;[90m# testCase.totalPriceOfCart.user_validates_the_price_and_quantity()&amp#27;[0m
]]></system-out>
    <system-err><![CDATA[Starting ChromeDriver 110.0.5481.77 (65ed616c6e8ee3fe0ad64fe83796c020644d42af-refs/branch-heads/5481@{#839}) on port 10100
Only local connections are allowed.
Please see https://chromedriver.chromium.org/security-considerations for suggestions on keeping ChromeDriver safe.
ChromeDriver was started successfully.
[1676805024.333][WARNING]: virtual void DevToolsClientImpl::AddListener(DevToolsEventListener *) subscribing a listener to the already connected DevToolsClient. Connection notification will not arrive.
Feb 19, 2023 4:40:24 PM org.openqa.selenium.devtools.CdpVersionFinder findNearestMatch
WARNING: Unable to find an exact match for CDP version 110, so returning the closest version found: 107
]]></system-err>
  </testcase>
</testsuite>